<?xml version="1.0" encoding="UTF-8"?>
<!--
  Copyright 2020 CityTeam, craigmcc.

  Licensed under the Apache License, Version 2.0 (the "License");
  you may not use this file except in compliance with the License.
  You may obtain a copy of the License at

    http://www.apache.org/licenses/LICENSE-2.0

  Unless required by applicable law or agreed to in writing, software
  distributed under the License is distributed on an "AS IS" BASIS,
  WITHOUT WARRANTIES OR CONDITIONS OF ANY KIND, either express or implied.
  See the License for the specific language governing permissions and
  limitations under the License.
-->
<persistence version="2.1"
             xmlns="http://xmlns.jcp.org/xml/ns/persistence" xmlns:xsi="http://www.w3.org/2001/XMLSchema-instance"
             xsi:schemaLocation="
        http://xmlns.jcp.org/xml/ns/persistence
        http://xmlns.jcp.org/xml/ns/persistence/persistence_2_1.xsd">

    <!-- Point at "ExampleDS" (H2) data source provided by Wildfly -->
    <persistence-unit name="test">

        <jta-data-source>java:jboss/datasources/ExampleDS</jta-data-source>

        <properties>
            <!--> Properties for Hibernate -->
            <property name="hibernate.format_sql" value="false" />
            <property name="hibernate.generate_statistics" value="false"/>
            <property name="hibernate.hbm2ddl.auto" value="create-drop" />
            <property name="hibernate.show_sql" value="true" />
        </properties>

    </persistence-unit>

</persistence>
